[Container] 2025/11/01 20:44:51.327001 Running on CodeBuild On-demand
[Container] 2025/11/01 20:44:51.327014 Waiting for agent ping
[Container] 2025/11/01 20:44:51.427992 Waiting for DOWNLOAD_SOURCE
[Container] 2025/11/01 20:44:53.626385 Phase is DOWNLOAD_SOURCE
[Container] 2025/11/01 20:44:53.632057 CODEBUILD_SRC_DIR=/codebuild/output/src3412224029/src/github.com/devQsay/frelantra-docuseal
[Container] 2025/11/01 20:44:53.632594 YAML location is /codebuild/output/src3412224029/src/github.com/devQsay/frelantra-docuseal/buildspec.yml
[Container] 2025/11/01 20:44:53.634462 Setting HTTP client timeout to higher timeout for Github and GitHub Enterprise sources
[Container] 2025/11/01 20:44:53.634555 Processing environment variables
[Container] 2025/11/01 20:44:53.811931 No runtime version selected in buildspec.
[Container] 2025/11/01 20:44:53.846477 Moving to directory /codebuild/output/src3412224029/src/github.com/devQsay/frelantra-docuseal
[Container] 2025/11/01 20:44:53.846514 Cache is not defined in the buildspec
[Container] 2025/11/01 20:44:53.881140 Skip cache due to: no paths specified to be cached
[Container] 2025/11/01 20:44:53.881399 Registering with agent
[Container] 2025/11/01 20:44:53.920656 Phases found in YAML: 3
[Container] 2025/11/01 20:44:53.920676  BUILD: 3 commands
[Container] 2025/11/01 20:44:53.920681  POST_BUILD: 3 commands
[Container] 2025/11/01 20:44:53.920684  PRE_BUILD: 3 commands
[Container] 2025/11/01 20:44:53.920951 Phase complete: DOWNLOAD_SOURCE State: SUCCEEDED
[Container] 2025/11/01 20:44:53.920962 Phase context status code:  Message: 
[Container] 2025/11/01 20:44:54.016263 Entering phase INSTALL
[Container] 2025/11/01 20:44:54.056386 Phase complete: INSTALL State: SUCCEEDED
[Container] 2025/11/01 20:44:54.056406 Phase context status code:  Message: 
[Container] 2025/11/01 20:44:54.102237 Entering phase PRE_BUILD
[Container] 2025/11/01 20:44:54.135469 Running command echo Logging in to Amazon ECR...
Logging in to Amazon ECR...

[Container] 2025/11/01 20:44:54.143632 Running command aws --version
aws-cli/2.31.1 Python/3.13.7 Linux/4.14.355-280.684.amzn2.x86_64 exec-env/AWS_ECS_EC2 exe/x86_64.amzn.2023

[Container] 2025/11/01 20:45:02.771891 Running command aws ecr get-login-password --region $AWS_DEFAULT_REGION | docker login --username AWS --password-stdin $AWS_ACCOUNT_ID.dkr.ecr.$AWS_DEFAULT_REGION.amazonaws.com
WARNING! Your password will be stored unencrypted in /root/.docker/config.json.
Configure a credential helper to remove this warning. See
https://docs.docker.com/engine/reference/commandline/login/#credential-stores

Login Succeeded

[Container] 2025/11/01 20:45:03.753440 Phase complete: PRE_BUILD State: SUCCEEDED
[Container] 2025/11/01 20:45:03.753462 Phase context status code:  Message: 
[Container] 2025/11/01 20:45:03.793227 Entering phase BUILD
[Container] 2025/11/01 20:45:03.794251 Running command echo Building the Docker image...
Building the Docker image...

[Container] 2025/11/01 20:45:03.802185 Running command docker build -t $IMAGE_REPO_NAME:$IMAGE_TAG .
#0 building with "default" instance using docker driver

#1 [internal] load build definition from Dockerfile
#1 transferring dockerfile: 4.01kB done
#1 DONE 0.0s

#2 [internal] load metadata for docker.io/library/ruby:3.4.5-alpine
#2 ERROR: failed to copy: httpReadSeeker: failed open: unexpected status code https://registry-1.docker.io/v2/library/ruby/manifests/sha256:1ffe932ac5f5ce56ac7013a284462964c542a4a2354fc0a89cc068de4cbcc8dd: 429 Too Many Requests - Server message: toomanyrequests: You have reached your unauthenticated pull rate limit. https://www.docker.com/increase-rate-limit
------
 > [internal] load metadata for docker.io/library/ruby:3.4.5-alpine:
------
Dockerfile:18
--------------------
  16 |     RUN fontforge -lang=py -c 'font1 = fontforge.open("FreeSans.ttf"); font2 = fontforge.open("NotoSansSymbols2-Regular.ttf"); font1.mergeFonts(font2); font1.generate("FreeSans.ttf")'
  17 |     
  18 | >>> FROM ruby:3.4.5-alpine AS webpack
  19 |     
  20 |     ENV RAILS_ENV=production
--------------------
ERROR: failed to solve: ruby:3.4.5-alpine: failed to resolve source metadata for docker.io/library/ruby:3.4.5-alpine: failed to copy: httpReadSeeker: failed open: unexpected status code https://registry-1.docker.io/v2/library/ruby/manifests/sha256:1ffe932ac5f5ce56ac7013a284462964c542a4a2354fc0a89cc068de4cbcc8dd: 429 Too Many Requests - Server message: toomanyrequests: You have reached your unauthenticated pull rate limit. https://www.docker.com/increase-rate-limit

[Container] 2025/11/01 20:45:04.246210 Command did not exit successfully docker build -t $IMAGE_REPO_NAME:$IMAGE_TAG . exit status 1
[Container] 2025/11/01 20:45:04.252165 Phase complete: BUILD State: FAILED
[Container] 2025/11/01 20:45:04.252183 Phase context status code: COMMAND_EXECUTION_ERROR Message: Error while executing command: docker build -t $IMAGE_REPO_NAME:$IMAGE_TAG .. Reason: exit status 1
[Container] 2025/11/01 20:45:04.289419 Entering phase POST_BUILD
[Container] 2025/11/01 20:45:04.290362 Running command echo Pushing the Docker image to ECR...
Pushing the Docker image to ECR...

[Container] 2025/11/01 20:45:04.298019 Running command docker push $AWS_ACCOUNT_ID.dkr.ecr.$AWS_DEFAULT_REGION.amazonaws.com/$IMAGE_REPO_NAME:$IMAGE_TAG
The push refers to repository [820976529764.dkr.ecr.us-east-1.amazonaws.com/docuseal-frelantra]
An image does not exist locally with the tag: 820976529764.dkr.ecr.us-east-1.amazonaws.com/docuseal-frelantra

[Container] 2025/11/01 20:45:04.321470 Command did not exit successfully docker push $AWS_ACCOUNT_ID.dkr.ecr.$AWS_DEFAULT_REGION.amazonaws.com/$IMAGE_REPO_NAME:$IMAGE_TAG exit status 1
[Container] 2025/11/01 20:45:04.327315 Phase complete: POST_BUILD State: FAILED
[Container] 2025/11/01 20:45:04.327334 Phase context status code: COMMAND_EXECUTION_ERROR Message: Error while executing command: docker push $AWS_ACCOUNT_ID.dkr.ecr.$AWS_DEFAULT_REGION.amazonaws.com/$IMAGE_REPO_NAME:$IMAGE_TAG. Reason: exit status 1
[Container] 2025/11/01 20:45:04.377704 Set report auto-discover timeout to 5 seconds
[Container] 2025/11/01 20:45:04.377749 Expanding base directory path:  .
[Container] 2025/11/01 20:45:04.380795 Assembling file list
[Container] 2025/11/01 20:45:04.380809 Expanding .
[Container] 2025/11/01 20:45:04.383866 Expanding file paths for base directory .
[Container] 2025/11/01 20:45:04.383879 Assembling file list
[Container] 2025/11/01 20:45:04.383882 Expanding **/*
[Container] 2025/11/01 20:45:04.389902 No matching auto-discover report paths found
[Container] 2025/11/01 20:45:04.389930 Report auto-discover file discovery took 0.012226 seconds
[Container] 2025/11/01 20:45:04.389947 Phase complete: UPLOAD_ARTIFACTS State: SUCCEEDED
[Container] 2025/11/01 20:45:04.389952 Phase context status code:  Message: 